#
# There is insufficient memory for the Java Runtime Environment to continue.
# Native memory allocation (malloc) failed to allocate 256448 bytes for Chunk::new
# Possible reasons:
#   The system is out of physical RAM or swap space
#   The process is running with CompressedOops enabled, and the Java Heap may be blocking the growth of the native heap
# Possible solutions:
#   Reduce memory load on the system
#   Increase physical memory or swap space
#   Check if swap backing store is full
#   Decrease Java heap size (-Xmx/-Xms)
#   Decrease number of Java threads
#   Decrease Java thread stack sizes (-Xss)
#   Set larger code cache with -XX:ReservedCodeCacheSize=
#   JVM is running with Unscaled Compressed Oops mode in which the Java heap is
#     placed in the first 4GB address space. The Java Heap base address is the
#     maximum limit for the native heap growth. Please use -XX:HeapBaseMinAddress
#     to set the Java Heap base and to place the Java Heap above 4GB virtual address.
# This output file may be truncated or incomplete.
#
#  Out of Memory Error (arena.cpp:189), pid=27624, tid=2260
#
# JRE version: OpenJDK Runtime Environment JBR-17.0.8.1+7-1000.32-jcef (17.0.8.1+7) (build 17.0.8.1+7-b1000.32)
# Java VM: OpenJDK 64-Bit Server VM JBR-17.0.8.1+7-1000.32-jcef (17.0.8.1+7-b1000.32, mixed mode, tiered, compressed oops, compressed class ptrs, g1 gc, windows-amd64)
# No core dump will be written. Minidumps are not enabled by default on client versions of Windows
#

---------------  S U M M A R Y ------------

Command Line: git4idea.http.GitAskPassApp Username for 'https://github.com': 

Host: Intel(R) Core(TM) i5-10300H CPU @ 2.50GHz, 8 cores, 7G,  Windows 11 , 64 bit Build 22621 (10.0.22621.2506)
Time: Thu Dec 14 15:18:11 2023 Maroc (heure d64 bit Build 22621 (10.0.22621.2506) elapsed time: 1.562176 seconds (0d 0h 0m 1s)

---------------  T H R E A D  ---------------

Current thread (0x00000203570f6cd0):  JavaThread "C2 CompilerThread0" daemon [_thread_in_native, id=2260, stack(0x000000ab13000000,0x000000ab13100000)]


Current CompileTask:
C2:   1562 1078       4       jdk.internal.org.objectweb.asm.SymbolTable::addConstantUtf8 (98 bytes)

Stack: [0x000000ab13000000,0x000000ab13100000]
Native frames: (J=compiled Java code, j=interpreted, Vv=VM code, C=native code)
V  [jvm.dll+0x6852da]
V  [jvm.dll+0x844c84]
V  [jvm.dll+0x84659e]
V  [jvm.dll+0x846c03]
V  [jvm.dll+0x24b7cf]
V  [jvm.dll+0xac3bc]
V  [jvm.dll+0xac98c]
V  [jvm.dll+0x36af97]
V  [jvm.dll+0x3352b1]
V  [jvm.dll+0x33475a]
V  [jvm.dll+0x21d7f1]
V  [jvm.dll+0x21cc11]
V  [jvm.dll+0x1a660d]
V  [jvm.dll+0x22c9c8]
V  [jvm.dll+0x22a990]
V  [jvm.dll+0x7f9d3c]
V  [jvm.dll+0x7f415a]
V  [jvm.dll+0x684115]
C  [ucrtbase.dll+0x29363]
C  [KERNEL32.DLL+0x1257d]
C  [ntdll.dll+0x5aa58]


---------------  P R O C E S S  ---------------

Threads class SMR info:
_java_thread_list=0x0000020357964510, length=15, elements={
0x000002033cff6aa0, 0x0000020356f7e250, 0x0000020356f56e10, 0x0000020356f6b1f0,
0x0000020356f6bdb0, 0x00000203570f1000, 0x00000203570f18d0, 0x00000203570f6cd0,
0x00000203570f32d0, 0x00000203570f44b0, 0x00000203572de670, 0x00000203572e6f70,
0x00000203578bf050, 0x0000020357925180, 0x00000203579776a0
}

Java Threads: ( => current thread )
  0x000002033cff6aa0 JavaThread "main" [_thread_blocked, id=10044, stack(0x000000ab12300000,0x000000ab12400000)]
  0x0000020356f7e250 JavaThread "Reference Handler" daemon [_thread_blocked, id=27532, stack(0x000000ab12a00000,0x000000ab12b00000)]
  0x0000020356f56e10 JavaThread "Finalizer" daemon [_thread_blocked, id=16044, stack(0x000000ab12b00000,0x000000ab12c00000)]
  0x0000020356f6b1f0 JavaThread "Signal Dispatcher" daemon [_thread_blocked, id=21620, stack(0x000000ab12c00000,0x000000ab12d00000)]
  0x0000020356f6bdb0 JavaThread "Attach Listener" daemon [_thread_blocked, id=23792, stack(0x000000ab12d00000,0x000000ab12e00000)]
  0x00000203570f1000 JavaThread "Service Thread" daemon [_thread_blocked, id=19472, stack(0x000000ab12e00000,0x000000ab12f00000)]
  0x00000203570f18d0 JavaThread "Monitor Deflation Thread" daemon [_thread_blocked, id=24284, stack(0x000000ab12f00000,0x000000ab13000000)]
=>0x00000203570f6cd0 JavaThread "C2 CompilerThread0" daemon [_thread_in_native, id=2260, stack(0x000000ab13000000,0x000000ab13100000)]
  0x00000203570f32d0 JavaThread "C1 CompilerThread0" daemon [_thread_blocked, id=23640, stack(0x000000ab13100000,0x000000ab13200000)]
  0x00000203570f44b0 JavaThread "Sweeper thread" daemon [_thread_blocked, id=28620, stack(0x000000ab13200000,0x000000ab13300000)]
  0x00000203572de670 JavaThread "Notification Thread" daemon [_thread_blocked, id=2644, stack(0x000000ab13300000,0x000000ab13400000)]
  0x00000203572e6f70 JavaThread "Common-Cleaner" daemon [_thread_blocked, id=29008, stack(0x000000ab13500000,0x000000ab13600000)]
  0x00000203578bf050 JavaThread "HttpClient-1-SelectorManager" daemon [_thread_in_native, id=18736, stack(0x000000ab13600000,0x000000ab13700000)]
  0x0000020357925180 JavaThread "HttpClient-1-Worker-0" daemon [_thread_blocked, id=27724, stack(0x000000ab13800000,0x000000ab13900000)]
  0x00000203579776a0 JavaThread "HttpClient-1-Worker-1" daemon [_thread_blocked, id=9748, stack(0x000000ab13900000,0x000000ab13a00000)]

Other Threads:
  0x0000020356f53410 VMThread "VM Thread" [stack: 0x000000ab12900000,0x000000ab12a00000] [id=19036]
  0x000002033d06cdf0 WatcherThread [stack: 0x000000ab13400000,0x000000ab13500000] [id=22004]
  0x000002033d050630 GCTaskThread "GC Thread#0" [stack: 0x000000ab12400000,0x000000ab12500000] [id=19792]
  0x000002033d0617a0 ConcurrentGCThread "G1 Main Marker" [stack: 0x000000ab12500000,0x000000ab12600000] [id=18960]
  0x000002033d0621b0 ConcurrentGCThread "G1 Conc#0" [stack: 0x000000ab12600000,0x000000ab12700000] [id=8840]
  0x000002033d0ad320 ConcurrentGCThread "G1 Refine#0" [stack: 0x000000ab12700000,0x000000ab12800000] [id=1512]
  0x000002033d0add50 ConcurrentGCThread "G1 Service" [stack: 0x000000ab12800000,0x000000ab12900000] [id=9776]

Threads with active compile tasks:
C2 CompilerThread0     1571 1078       4       jdk.internal.org.objectweb.asm.SymbolTable::addConstantUtf8 (98 bytes)

VM state: not at safepoint (normal execution)

VM Mutex/Monitor currently owned by a thread: None

Heap address: 0x0000000082c00000, size: 2004 MB, Compressed Oops mode: 32-bit

CDS archive(s) not mapped
Compressed class space mapped at: 0x0000000100000000-0x0000000140000000, reserved size: 1073741824
Narrow klass base: 0x0000000000000000, Narrow klass shift: 3, Narrow klass range: 0x140000000

GC Precious Log:
 CPUs: 8 total, 8 available
 Memory: 8013M
 Large Page Support: Disabled
 NUMA Support: Disabled
 Compressed Oops: Enabled (32-bit)
 Heap Region Size: 1M
 Heap Min Capacity: 8M
 Heap Initial Capacity: 126M
 Heap Max Capacity: 2004M
 Pre-touch: Disabled
 Parallel Workers: 8
 Concurrent Workers: 2
 Concurrent Refinement Workers: 8
 Periodic GC: Disabled

Heap:
 garbage-first heap   total 129024K, used 14336K [0x0000000082c00000, 0x0000000100000000)
  region size 1024K, 15 young (15360K), 0 survivors (0K)
 Metaspace       used 16849K, committed 17088K, reserved 1114112K
  class space    used 1790K, committed 1856K, reserved 1048576K

Heap Regions: E=young(eden), S=young(survivor), O=old, HS=humongous(starts), HC=humongous(continues), CS=collection set, F=free, OA=open archive, CA=closed archive, TAMS=top-at-mark-start (previous, next)
|   0|0x0000000082c00000, 0x0000000082c00000, 0x0000000082d00000|  0%| F|  |TAMS 0x0000000082c00000, 0x0000000082c00000| Untracked 
|   1|0x0000000082d00000, 0x0000000082d00000, 0x0000000082e00000|  0%| F|  |TAMS 0x0000000082d00000, 0x0000000082d00000| Untracked 
|   2|0x0000000082e00000, 0x0000000082e00000, 0x0000000082f00000|  0%| F|  |TAMS 0x0000000082e00000, 0x0000000082e00000| Untracked 
|   3|0x0000000082f00000, 0x0000000082f00000, 0x0000000083000000|  0%| F|  |TAMS 0x0000000082f00000, 0x0000000082f00000| Untracked 
|   4|0x0000000083000000, 0x0000000083000000, 0x0000000083100000|  0%| F|  |TAMS 0x0000000083000000, 0x0000000083000000| Untracked 
|   5|0x0000000083100000, 0x0000000083100000, 0x0000000083200000|  0%| F|  |TAMS 0x0000000083100000, 0x0000000083100000| Untracked 
|   6|0x0000000083200000, 0x0000000083200000, 0x0000000083300000|  0%| F|  |TAMS 0x0000000083200000, 0x0000000083200000| Untracked 
|   7|0x0000000083300000, 0x0000000083300000, 0x0000000083400000|  0%| F|  |TAMS 0x0000000083300000, 0x0000000083300000| Untracked 
|   8|0x0000000083400000, 0x0000000083400000, 0x0000000083500000|  0%| F|  |TAMS 0x0000000083400000, 0x0000000083400000| Untracked 
|   9|0x0000000083500000, 0x0000000083500000, 0x0000000083600000|  0%| F|  |TAMS 0x0000000083500000, 0x0000000083500000| Untracked 
|  10|0x0000000083600000, 0x0000000083600000, 0x0000000083700000|  0%| F|  |TAMS 0x0000000083600000, 0x0000000083600000| Untracked 
|  11|0x0000000083700000, 0x0000000083700000, 0x0000000083800000|  0%| F|  |TAMS 0x0000000083700000, 0x0000000083700000| Untracked 
|  12|0x0000000083800000, 0x0000000083800000, 0x0000000083900000|  0%| F|  |TAMS 0x0000000083800000, 0x0000000083800000| Untracked 
|  13|0x0000000083900000, 0x0000000083900000, 0x0000000083a00000|  0%| F|  |TAMS 0x0000000083900000, 0x0000000083900000| Untracked 
|  14|0x0000000083a00000, 0x0000000083a00000, 0x0000000083b00000|  0%| F|  |TAMS 0x0000000083a00000, 0x0000000083a00000| Untracked 
|  15|0x0000000083b00000, 0x0000000083b00000, 0x0000000083c00000|  0%| F|  |TAMS 0x0000000083b00000, 0x0000000083b00000| Untracked 
|  16|0x0000000083c00000, 0x0000000083c00000, 0x0000000083d00000|  0%| F|  |TAMS 0x0000000083c00000, 0x0000000083c00000| Untracked 
|  17|0x0000000083d00000, 0x0000000083d00000, 0x0000000083e00000|  0%| F|  |TAMS 0x0000000083d00000, 0x0000000083d00000| Untracked 
|  18|0x0000000083e00000, 0x0000000083e00000, 0x0000000083f00000|  0%| F|  |TAMS 0x0000000083e00000, 0x0000000083e00000| Untracked 
|  19|0x0000000083f00000, 0x0000000083f00000, 0x0000000084000000|  0%| F|  |TAMS 0x0000000083f00000, 0x0000000083f00000| Untracked 
|  20|0x0000000084000000, 0x0000000084000000, 0x0000000084100000|  0%| F|  |TAMS 0x0000000084000000, 0x0000000084000000| Untracked 
|  21|0x0000000084100000, 0x0000000084100000, 0x0000000084200000|  0%| F|  |TAMS 0x0000000084100000, 0x0000000084100000| Untracked 
|  22|0x0000000084200000, 0x0000000084200000, 0x0000000084300000|  0%| F|  |TAMS 0x0000000084200000, 0x0000000084200000| Untracked 
|  23|0x0000000084300000, 0x0000000084300000, 0x0000000084400000|  0%| F|  |TAMS 0x0000000084300000, 0x0000000084300000| Untracked 
|  24|0x0000000084400000, 0x0000000084400000, 0x0000000084500000|  0%| F|  |TAMS 0x0000000084400000, 0x0000000084400000| Untracked 
|  25|0x0000000084500000, 0x0000000084500000, 0x0000000084600000|  0%| F|  |TAMS 0x0000000084500000, 0x0000000084500000| Untracked 
|  26|0x0000000084600000, 0x0000000084600000, 0x0000000084700000|  0%| F|  |TAMS 0x0000000084600000, 0x0000000084600000| Untracked 
|  27|0x0000000084700000, 0x0000000084700000, 0x0000000084800000|  0%| F|  |TAMS 0x0000000084700000, 0x0000000084700000| Untracked 
|  28|0x0000000084800000, 0x0000000084800000, 0x0000000084900000|  0%| F|  |TAMS 0x0000000084800000, 0x0000000084800000| Untracked 
|  29|0x0000000084900000, 0x0000000084900000, 0x0000000084a00000|  0%| F|  |TAMS 0x0000000084900000, 0x0000000084900000| Untracked 
|  30|0x0000000084a00000, 0x0000000084a00000, 0x0000000084b00000|  0%| F|  |TAMS 0x0000000084a00000, 0x0000000084a00000| Untracked 
|  31|0x0000000084b00000, 0x0000000084b00000, 0x0000000084c00000|  0%| F|  |TAMS 0x0000000084b00000, 0x0000000084b00000| Untracked 
|  32|0x0000000084c00000, 0x0000000084c00000, 0x0000000084d00000|  0%| F|  |TAMS 0x0000000084c00000, 0x0000000084c00000| Untracked 
|  33|0x0000000084d00000, 0x0000000084d00000, 0x0000000084e00000|  0%| F|  |TAMS 0x0000000084d00000, 0x0000000084d00000| Untracked 
|  34|0x0000000084e00000, 0x0000000084e00000, 0x0000000084f00000|  0%| F|  |TAMS 0x0000000084e00000, 0x0000000084e00000| Untracked 
|  35|0x0000000084f00000, 0x0000000084f00000, 0x0000000085000000|  0%| F|  |TAMS 0x0000000084f00000, 0x0000000084f00000| Untracked 
|  36|0x0000000085000000, 0x0000000085000000, 0x0000000085100000|  0%| F|  |TAMS 0x0000000085000000, 0x0000000085000000| Untracked 
|  37|0x0000000085100000, 0x0000000085100000, 0x0000000085200000|  0%| F|  |TAMS 0x0000000085100000, 0x0000000085100000| Untracked 
|  38|0x0000000085200000, 0x0000000085200000, 0x0000000085300000|  0%| F|  |TAMS 0x0000000085200000, 0x0000000085200000| Untracked 
|  39|0x0000000085300000, 0x0000000085300000, 0x0000000085400000|  0%| F|  |TAMS 0x0000000085300000, 0x0000000085300000| Untracked 
|  40|0x0000000085400000, 0x0000000085400000, 0x0000000085500000|  0%| F|  |TAMS 0x0000000085400000, 0x0000000085400000| Untracked 
|  41|0x0000000085500000, 0x0000000085500000, 0x0000000085600000|  0%| F|  |TAMS 0x0000000085500000, 0x0000000085500000| Untracked 
|  42|0x0000000085600000, 0x0000000085600000, 0x0000000085700000|  0%| F|  |TAMS 0x0000000085600000, 0x0000000085600000| Untracked 
|  43|0x0000000085700000, 0x0000000085700000, 0x0000000085800000|  0%| F|  |TAMS 0x0000000085700000, 0x0000000085700000| Untracked 
|  44|0x0000000085800000, 0x0000000085800000, 0x0000000085900000|  0%| F|  |TAMS 0x0000000085800000, 0x0000000085800000| Untracked 
|  45|0x0000000085900000, 0x0000000085900000, 0x0000000085a00000|  0%| F|  |TAMS 0x0000000085900000, 0x0000000085900000| Untracked 
|  46|0x0000000085a00000, 0x0000000085a00000, 0x0000000085b00000|  0%| F|  |TAMS 0x0000000085a00000, 0x0000000085a00000| Untracked 
|  47|0x0000000085b00000, 0x0000000085b00000, 0x0000000085c00000|  0%| F|  |TAMS 0x0000000085b00000, 0x0000000085b00000| Untracked 
|  48|0x0000000085c00000, 0x0000000085c00000, 0x0000000085d00000|  0%| F|  |TAMS 0x0000000085c00000, 0x0000000085c00000| Untracked 
|  49|0x0000000085d00000, 0x0000000085d00000, 0x0000000085e00000|  0%| F|  |TAMS 0x0000000085d00000, 0x0000000085d00000| Untracked 
|  50|0x0000000085e00000, 0x0000000085e00000, 0x0000000085f00000|  0%| F|  |TAMS 0x0000000085e00000, 0x0000000085e00000| Untracked 
|  51|0x0000000085f00000, 0x0000000085f00000, 0x0000000086000000|  0%| F|  |TAMS 0x0000000085f00000, 0x0000000085f00000| Untracked 
|  52|0x0000000086000000, 0x0000000086000000, 0x0000000086100000|  0%| F|  |TAMS 0x0000000086000000, 0x0000000086000000| Untracked 
|  53|0x0000000086100000, 0x0000000086100000, 0x0000000086200000|  0%| F|  |TAMS 0x0000000086100000, 0x0000000086100000| Untracked 
|  54|0x0000000086200000, 0x0000000086200000, 0x0000000086300000|  0%| F|  |TAMS 0x0000000086200000, 0x0000000086200000| Untracked 
|  55|0x0000000086300000, 0x0000000086300000, 0x0000000086400000|  0%| F|  |TAMS 0x0000000086300000, 0x0000000086300000| Untracked 
|  56|0x0000000086400000, 0x0000000086400000, 0x0000000086500000|  0%| F|  |TAMS 0x0000000086400000, 0x0000000086400000| Untracked 
|  57|0x0000000086500000, 0x0000000086500000, 0x0000000086600000|  0%| F|  |TAMS 0x0000000086500000, 0x0000000086500000| Untracked 
|  58|0x0000000086600000, 0x0000000086600000, 0x0000000086700000|  0%| F|  |TAMS 0x0000000086600000, 0x0000000086600000| Untracked 
|  59|0x0000000086700000, 0x0000000086700000, 0x0000000086800000|  0%| F|  |TAMS 0x0000000086700000, 0x0000000086700000| Untracked 
|  60|0x0000000086800000, 0x0000000086800000, 0x0000000086900000|  0%| F|  |TAMS 0x0000000086800000, 0x0000000086800000| Untracked 
|  61|0x0000000086900000, 0x0000000086900000, 0x0000000086a00000|  0%| F|  |TAMS 0x0000000086900000, 0x0000000086900000| Untracked 
|  62|0x0000000086a00000, 0x0000000086a00000, 0x0000000086b00000|  0%| F|  |TAMS 0x0000000086a00000, 0x0000000086a00000| Untracked 
|  63|0x0000000086b00000, 0x0000000086b00000, 0x0000000086c00000|  0%| F|  |TAMS 0x0000000086b00000, 0x0000000086b00000| Untracked 
|  64|0x0000000086c00000, 0x0000000086c00000, 0x0000000086d00000|  0%| F|  |TAMS 0x0000000086c00000, 0x0000000086c00000| Untracked 
|  65|0x0000000086d00000, 0x0000000086d00000, 0x0000000086e00000|  0%| F|  |TAMS 0x0000000086d00000, 0x0000000086d00000| Untracked 
|  66|0x0000000086e00000, 0x0000000086e00000, 0x0000000086f00000|  0%| F|  |TAMS 0x0000000086e00000, 0x0000000086e00000| Untracked 
|  67|0x0000000086f00000, 0x0000000086f00000, 0x0000000087000000|  0%| F|  |TAMS 0x0000000086f00000, 0x0000000086f00000| Untracked 
|  68|0x0000000087000000, 0x0000000087000000, 0x0000000087100000|  0%| F|  |TAMS 0x0000000087000000, 0x0000000087000000| Untracked 
|  69|0x0000000087100000, 0x0000000087100000, 0x0000000087200000|  0%| F|  |TAMS 0x0000000087100000, 0x0000000087100000| Untracked 
|  70|0x0000000087200000, 0x0000000087200000, 0x0000000087300000|  0%| F|  |TAMS 0x0000000087200000, 0x0000000087200000| Untracked 
|  71|0x0000000087300000, 0x0000000087300000, 0x0000000087400000|  0%| F|  |TAMS 0x0000000087300000, 0x0000000087300000| Untracked 
|  72|0x0000000087400000, 0x0000000087400000, 0x0000000087500000|  0%| F|  |TAMS 0x0000000087400000, 0x0000000087400000| Untracked 
|  73|0x0000000087500000, 0x0000000087500000, 0x0000000087600000|  0%| F|  |TAMS 0x0000000087500000, 0x0000000087500000| Untracked 
|  74|0x0000000087600000, 0x0000000087600000, 0x0000000087700000|  0%| F|  |TAMS 0x0000000087600000, 0x0000000087600000| Untracked 
|  75|0x0000000087700000, 0x0000000087700000, 0x0000000087800000|  0%| F|  |TAMS 0x0000000087700000, 0x0000000087700000| Untracked 
|  76|0x0000000087800000, 0x0000000087800000, 0x0000000087900000|  0%| F|  |TAMS 0x0000000087800000, 0x0000000087800000| Untracked 
|  77|0x0000000087900000, 0x0000000087900000, 0x0000000087a00000|  0%| F|  |TAMS 0x0000000087900000, 0x0000000087900000| Untracked 
|  78|0x0000000087a00000, 0x0000000087a00000, 0x0000000087b00000|  0%| F|  |TAMS 0x0000000087a00000, 0x0000000087a00000| Untracked 
|  79|0x0000000087b00000, 0x0000000087b00000, 0x0000000087c00000|  0%| F|  |TAMS 0x0000000087b00000, 0x0000000087b00000| Untracked 
|  80|0x0000000087c00000, 0x0000000087c00000, 0x0000000087d00000|  0%| F|  |TAMS 0x0000000087c00000, 0x0000000087c00000| Untracked 
|  81|0x0000000087d00000, 0x0000000087d00000, 0x0000000087e00000|  0%| F|  |TAMS 0x0000000087d00000, 0x0000000087d00000| Untracked 
|  82|0x0000000087e00000, 0x0000000087e00000, 0x0000000087f00000|  0%| F|  |TAMS 0x0000000087e00000, 0x0000000087e00000| Untracked 
|  83|0x0000000087f00000, 0x0000000087f00000, 0x0000000088000000|  0%| F|  |TAMS 0x0000000087f00000, 0x0000000087f00000| Untracked 
|  84|0x0000000088000000, 0x0000000088000000, 0x0000000088100000|  0%| F|  |TAMS 0x0000000088000000, 0x0000000088000000| Untracked 
|  85|0x0000000088100000, 0x0000000088100000, 0x0000000088200000|  0%| F|  |TAMS 0x0000000088100000, 0x0000000088100000| Untracked 
|  86|0x0000000088200000, 0x0000000088200000, 0x0000000088300000|  0%| F|  |TAMS 0x0000000088200000, 0x0000000088200000| Untracked 
|  87|0x0000000088300000, 0x0000000088300000, 0x0000000088400000|  0%| F|  |TAMS 0x0000000088300000, 0x0000000088300000| Untracked 
|  88|0x0000000088400000, 0x0000000088400000, 0x0000000088500000|  0%| F|  |TAMS 0x0000000088400000, 0x0000000088400000| Untracked 
|  89|0x0000000088500000, 0x0000000088500000, 0x0000000088600000|  0%| F|  |TAMS 0x0000000088500000, 0x0000000088500000| Untracked 
|  90|0x0000000088600000, 0x0000000088600000, 0x0000000088700000|  0%| F|  |TAMS 0x0000000088600000, 0x0000000088600000| Untracked 
|  91|0x0000000088700000, 0x0000000088700000, 0x0000000088800000|  0%| F|  |TAMS 0x0000000088700000, 0x0000000088700000| Untracked 
|  92|0x0000000088800000, 0x0000000088800000, 0x0000000088900000|  0%| F|  |TAMS 0x0000000088800000, 0x0000000088800000| Untracked 
|  93|0x0000000088900000, 0x0000000088900000, 0x0000000088a00000|  0%| F|  |TAMS 0x0000000088900000, 0x0000000088900000| Untracked 
|  94|0x0000000088a00000, 0x0000000088a00000, 0x0000000088b00000|  0%| F|  |TAMS 0x0000000088a00000, 0x0000000088a00000| Untracked 
|  95|0x0000000088b00000, 0x0000000088b00000, 0x0000000088c00000|  0%| F|  |TAMS 0x0000000088b00000, 0x0000000088b00000| Untracked 
|  96|0x0000000088c00000, 0x0000000088c00000, 0x0000000088d00000|  0%| F|  |TAMS 0x0000000088c00000, 0x0000000088c00000| Untracked 
|  97|0x0000000088d00000, 0x0000000088d00000, 0x0000000088e00000|  0%| F|  |TAMS 0x0000000088d00000, 0x0000000088d00000| Untracked 
|  98|0x0000000088e00000, 0x0000000088e00000, 0x0000000088f00000|  0%| F|  |TAMS 0x0000000088e00000, 0x0000000088e00000| Untracked 
|  99|0x0000000088f00000, 0x0000000088f00000, 0x0000000089000000|  0%| F|  |TAMS 0x0000000088f00000, 0x0000000088f00000| Untracked 
| 100|0x0000000089000000, 0x0000000089000000, 0x0000000089100000|  0%| F|  |TAMS 0x0000000089000000, 0x0000000089000000| Untracked 
| 101|0x0000000089100000, 0x0000000089100000, 0x0000000089200000|  0%| F|  |TAMS 0x0000000089100000, 0x0000000089100000| Untracked 
| 102|0x0000000089200000, 0x0000000089200000, 0x0000000089300000|  0%| F|  |TAMS 0x0000000089200000, 0x0000000089200000| Untracked 
| 103|0x0000000089300000, 0x0000000089300000, 0x0000000089400000|  0%| F|  |TAMS 0x0000000089300000, 0x0000000089300000| Untracked 
| 104|0x0000000089400000, 0x0000000089400000, 0x0000000089500000|  0%| F|  |TAMS 0x0000000089400000, 0x0000000089400000| Untracked 
| 105|0x0000000089500000, 0x0000000089500000, 0x0000000089600000|  0%| F|  |TAMS 0x0000000089500000, 0x0000000089500000| Untracked 
| 106|0x0000000089600000, 0x0000000089600000, 0x0000000089700000|  0%| F|  |TAMS 0x0000000089600000, 0x0000000089600000| Untracked 
| 107|0x0000000089700000, 0x0000000089700000, 0x0000000089800000|  0%| F|  |TAMS 0x0000000089700000, 0x0000000089700000| Untracked 
| 108|0x0000000089800000, 0x0000000089800000, 0x0000000089900000|  0%| F|  |TAMS 0x0000000089800000, 0x0000000089800000| Untracked 
| 109|0x0000000089900000, 0x0000000089900000, 0x0000000089a00000|  0%| F|  |TAMS 0x0000000089900000, 0x0000000089900000| Untracked 
| 110|0x0000000089a00000, 0x0000000089a00000, 0x0000000089b00000|  0%| F|  |TAMS 0x0000000089a00000, 0x0000000089a00000| Untracked 
| 111|0x0000000089b00000, 0x0000000089bec490, 0x0000000089c00000| 92%| E|  |TAMS 0x0000000089b00000, 0x0000000089b00000| Complete 
| 112|0x0000000089c00000, 0x0000000089d00000, 0x0000000089d00000|100%| E|CS|TAMS 0x0000000089c00000, 0x0000000089c00000| Complete 
| 113|0x0000000089d00000, 0x0000000089e00000, 0x0000000089e00000|100%| E|CS|TAMS 0x0000000089d00000, 0x0000000089d00000| Complete 
| 114|0x0000000089e00000, 0x0000000089f00000, 0x0000000089f00000|100%| E|CS|TAMS 0x0000000089e00000, 0x0000000089e00000| Complete 
| 115|0x0000000089f00000, 0x000000008a000000, 0x000000008a000000|100%| E|CS|TAMS 0x0000000089f00000, 0x0000000089f00000| Complete 
| 116|0x000000008a000000, 0x000000008a100000, 0x000000008a100000|100%| E|CS|TAMS 0x000000008a000000, 0x000000008a000000| Complete 
| 117|0x000000008a100000, 0x000000008a200000, 0x000000008a200000|100%| E|CS|TAMS 0x000000008a100000, 0x000000008a100000| Complete 
| 118|0x000000008a200000, 0x000000008a300000, 0x000000008a300000|100%| E|CS|TAMS 0x000000008a200000, 0x000000008a200000| Complete 
| 119|0x000000008a300000, 0x000000008a400000, 0x000000008a400000|100%| E|CS|TAMS 0x000000008a300000, 0x000000008a300000| Complete 
| 120|0x000000008a400000, 0x000000008a500000, 0x000000008a500000|100%| E|CS|TAMS 0x000000008a400000, 0x000000008a400000| Complete 
| 121|0x000000008a500000, 0x000000008a600000, 0x000000008a600000|100%| E|CS|TAMS 0x000000008a500000, 0x000000008a500000| Complete 
| 122|0x000000008a600000, 0x000000008a700000, 0x000000008a700000|100%| E|CS|TAMS 0x000000008a600000, 0x000000008a600000| Complete 
| 123|0x000000008a700000, 0x000000008a800000, 0x000000008a800000|100%| E|CS|TAMS 0x000000008a700000, 0x000000008a700000| Complete 
| 124|0x000000008a800000, 0x000000008a900000, 0x000000008a900000|100%| E|CS|TAMS 0x000000008a800000, 0x000000008a800000| Complete 
| 125|0x000000008a900000, 0x000000008aa00000, 0x000000008aa00000|100%| E|CS|TAMS 0x000000008a900000, 0x000000008a900000| Complete 

Card table byte_map: [0x000002034fe80000,0x0000020350270000] _byte_map_base: 0x000002034fa6a000

Marking Bits (Prev, Next): (CMBitMap*) 0x000002033d050c50, (CMBitMap*) 0x000002033d050c90
 Prev Bits: [0x0000020350660000, 0x00000203525b0000)
 Next Bits: [0x00000203525b0000, 0x0000020354500000)

Polling page: 0x000002033afb0000

Metaspace:

Usage:
  Non-class:     14.71 MB used.
      Class:      1.75 MB used.
       Both:     16.45 MB used.

Virtual space:
  Non-class space:       64.00 MB reserved,      14.88 MB ( 23%) committed,  1 nodes.
      Class space:        1.00 GB reserved,       1.81 MB ( <1%) committed,  1 nodes.
             Both:        1.06 GB reserved,      16.69 MB (  2%) committed. 

Chunk freelists:
   Non-Class:  636.00 KB
       Class:  14.14 MB
        Both:  14.76 MB

MaxMetaspaceSize: unlimited
CompressedClassSpaceSize: 1.00 GB
Initial GC threshold: 21.00 MB
Current GC threshold: 21.00 MB
CDS: off
MetaspaceReclaimPolicy: balanced
 - commit_granule_bytes: 65536.
 - commit_granule_words: 8192.
 - virtual_space_node_default_size: 8388608.
 - enlarge_chunks_in_place: 1.
 - new_chunks_are_fully_committed: 0.
 - uncommit_free_chunks: 1.
 - use_allocation_guard: 0.
 - handle_deallocations: 1.


Internal statistics:

num_allocs_failed_limit: 0.
num_arena_births: 168.
num_arena_deaths: 0.
num_vsnodes_births: 2.
num_vsnodes_deaths: 0.
num_space_committed: 267.
num_space_uncommitted: 0.
num_chunks_returned_to_freelist: 0.
num_chunks_taken_from_freelist: 343.
num_chunk_merges: 0.
num_chunk_splits: 202.
num_chunks_enlarged: 118.
num_inconsistent_stats: 0.

CodeHeap 'non-profiled nmethods': size=120000Kb used=330Kb max_used=330Kb free=119669Kb
 bounds [0x0000020348230000, 0x00000203484a0000, 0x000002034f760000]
CodeHeap 'profiled nmethods': size=120000Kb used=1823Kb max_used=1823Kb free=118176Kb
 bounds [0x0000020340760000, 0x00000203409d0000, 0x0000020347c90000]
CodeHeap 'non-nmethods': size=5760Kb used=1191Kb max_used=1205Kb free=4568Kb
 bounds [0x0000020347c90000, 0x0000020347f00000, 0x0000020348230000]
 total_blobs=1588 nmethods=1102 adapters=399
 compilation: enabled
              stopped_count=0, restarted_count=0
 full_count=0

Compilation events (20 events):
Event: 1.551 Thread 0x00000203570f32d0 1079       3       jdk.internal.org.objectweb.asm.ClassWriter::toByteArray (1515 bytes)
Event: 1.554 Thread 0x00000203570f32d0 nmethod 1079 0x0000020340915310 code [0x0000020340915c40, 0x0000020340919958]
Event: 1.554 Thread 0x00000203570f32d0 1080       3       jdk.internal.org.objectweb.asm.MethodWriter::putMethodInfo (1274 bytes)
Event: 1.556 Thread 0x00000203570f32d0 nmethod 1080 0x000002034091b910 code [0x000002034091bfc0, 0x000002034091e6e8]
Event: 1.556 Thread 0x00000203570f32d0 1081       3       jdk.internal.org.objectweb.asm.Handler::putExceptionTable (63 bytes)
Event: 1.556 Thread 0x00000203570f32d0 nmethod 1081 0x000002034091f990 code [0x000002034091fba0, 0x0000020340920008]
Event: 1.556 Thread 0x00000203570f32d0 1077       3       jdk.internal.org.objectweb.asm.ClassWriter::<init> (68 bytes)
Event: 1.556 Thread 0x00000203570f32d0 nmethod 1077 0x0000020340920310 code [0x00000203409204e0, 0x0000020340920968]
Event: 1.556 Thread 0x00000203570f32d0 1087       3       java.lang.invoke.DirectMethodHandle::internalMemberName (8 bytes)
Event: 1.556 Thread 0x00000203570f32d0 nmethod 1087 0x0000020340920b10 code [0x0000020340920ca0, 0x0000020340920e78]
Event: 1.556 Thread 0x00000203570f32d0 1088       3       java.lang.invoke.LambdaForm$Name::internArguments (62 bytes)
Event: 1.556 Thread 0x00000203570f32d0 nmethod 1088 0x0000020340920f90 code [0x0000020340921180, 0x0000020340921848]
Event: 1.556 Thread 0x00000203570f32d0 1089       3       java.lang.invoke.LambdaFormBuffer::changeName (149 bytes)
Event: 1.557 Thread 0x00000203570f32d0 nmethod 1089 0x0000020340921a10 code [0x0000020340921be0, 0x0000020340922108]
Event: 1.557 Thread 0x00000203570f32d0 1090       3       java.lang.invoke.MethodHandleNatives::isCallerSensitive (29 bytes)
Event: 1.558 Thread 0x00000203570f32d0 nmethod 1090 0x0000020340922290 code [0x0000020340922480, 0x0000020340922a08]
Event: 1.558 Thread 0x00000203570f32d0 1091       3       java.lang.invoke.MethodHandleNatives::canBeCalledVirtual (50 bytes)
Event: 1.558 Thread 0x00000203570f32d0 nmethod 1091 0x0000020340922c10 code [0x0000020340922e00, 0x00000203409232c8]
Event: 1.559 Thread 0x00000203570f32d0 1094       3       java.lang.invoke.DirectMethodHandle$Constructor::<init> (44 bytes)
Event: 1.559 Thread 0x00000203570f32d0 nmethod 1094 0x0000020340923490 code [0x0000020340923640, 0x0000020340923868]

GC Heap History (0 events):
No events

Dll operation events (1 events):
Event: 0.053 Loaded shared library C:\Program Files\JetBrains\IntelliJ IDEA Community Edition 2023.2.3\jbr\bin\java.dll

Deoptimization events (20 events):
Event: 1.042 Thread 0x0000020357925180 Uncommon trap: trap_request=0xffffffc6 fr.pc=0x00000203482787a0 relative=0x00000000000000e0
Event: 1.042 Thread 0x0000020357925180 Uncommon trap: reason=bimorphic_or_optimized_type_check action=maybe_recompile pc=0x00000203482787a0 method=sun.security.util.math.intpoly.IntegerPolynomial$MutableElement.setProduct(Lsun/security/util/math/IntegerModuloP;)Lsun/security/util/math/intpoly/
Event: 1.042 Thread 0x0000020357925180 DEOPT PACKING pc=0x00000203482787a0 sp=0x000000ab138fe6f0
Event: 1.042 Thread 0x0000020357925180 DEOPT UNPACKING pc=0x0000020347ce69a3 sp=0x000000ab138fe618 mode 2
Event: 1.042 Thread 0x0000020357925180 Uncommon trap: trap_request=0xffffffc6 fr.pc=0x00000203482787a0 relative=0x00000000000000e0
Event: 1.042 Thread 0x0000020357925180 Uncommon trap: reason=bimorphic_or_optimized_type_check action=maybe_recompile pc=0x00000203482787a0 method=sun.security.util.math.intpoly.IntegerPolynomial$MutableElement.setProduct(Lsun/security/util/math/IntegerModuloP;)Lsun/security/util/math/intpoly/
Event: 1.042 Thread 0x0000020357925180 DEOPT PACKING pc=0x00000203482787a0 sp=0x000000ab138fe6f0
Event: 1.042 Thread 0x0000020357925180 DEOPT UNPACKING pc=0x0000020347ce69a3 sp=0x000000ab138fe618 mode 2
Event: 1.042 Thread 0x0000020357925180 Uncommon trap: trap_request=0xffffffc6 fr.pc=0x00000203482787a0 relative=0x00000000000000e0
Event: 1.042 Thread 0x0000020357925180 Uncommon trap: reason=bimorphic_or_optimized_type_check action=maybe_recompile pc=0x00000203482787a0 method=sun.security.util.math.intpoly.IntegerPolynomial$MutableElement.setProduct(Lsun/security/util/math/IntegerModuloP;)Lsun/security/util/math/intpoly/
Event: 1.042 Thread 0x0000020357925180 DEOPT PACKING pc=0x00000203482787a0 sp=0x000000ab138fe6f0
Event: 1.042 Thread 0x0000020357925180 DEOPT UNPACKING pc=0x0000020347ce69a3 sp=0x000000ab138fe618 mode 2
Event: 1.042 Thread 0x0000020357925180 Uncommon trap: trap_request=0xffffffc6 fr.pc=0x0000020348278ca0 relative=0x00000000000000e0
Event: 1.042 Thread 0x0000020357925180 Uncommon trap: reason=bimorphic_or_optimized_type_check action=maybe_recompile pc=0x0000020348278ca0 method=sun.security.util.math.intpoly.IntegerPolynomial$MutableElement.setProduct(Lsun/security/util/math/IntegerModuloP;)Lsun/security/util/math/intpoly/
Event: 1.042 Thread 0x0000020357925180 DEOPT PACKING pc=0x0000020348278ca0 sp=0x000000ab138fe690
Event: 1.042 Thread 0x0000020357925180 DEOPT UNPACKING pc=0x0000020347ce69a3 sp=0x000000ab138fe620 mode 2
Event: 1.079 Thread 0x0000020357925180 Uncommon trap: trap_request=0xffffff45 fr.pc=0x000002034824a894 relative=0x0000000000000994
Event: 1.079 Thread 0x0000020357925180 Uncommon trap: reason=unstable_if action=reinterpret pc=0x000002034824a894 method=java.util.HashMap.putVal(ILjava/lang/Object;Ljava/lang/Object;ZZ)Ljava/lang/Object; @ 81 c2
Event: 1.079 Thread 0x0000020357925180 DEOPT PACKING pc=0x000002034824a894 sp=0x000000ab138fe9b0
Event: 1.079 Thread 0x0000020357925180 DEOPT UNPACKING pc=0x0000020347ce69a3 sp=0x000000ab138fe950 mode 2

Classes unloaded (0 events):
No events

Classes redefined (0 events):
No events

Internal exceptions (20 events):
Event: 0.457 Thread 0x000002033cff6aa0 Exception <a 'java/lang/NoSuchMethodError'{0x000000008a5b2100}: 'java.lang.Object java.lang.invoke.DirectMethodHandle$Holder.invokeStaticInit(java.lang.Object, java.lang.Object, int, int, int, int)'> (0x000000008a5b2100) 
thrown [s\src\hotspot\share\interpreter\linkResolver.cpp, line 771]
Event: 0.465 Thread 0x000002033cff6aa0 Exception <a 'java/lang/NoSuchMethodError'{0x000000008a41c1c8}: 'java.lang.Object java.lang.invoke.DirectMethodHandle$Holder.invokeStatic(java.lang.Object, java.lang.Object, int)'> (0x000000008a41c1c8) 
thrown [s\src\hotspot\share\interpreter\linkResolver.cpp, line 771]
Event: 0.466 Thread 0x000002033cff6aa0 Exception <a 'java/lang/NoSuchMethodError'{0x000000008a41f940}: 'java.lang.Object java.lang.invoke.DirectMethodHandle$Holder.invokeStaticInit(java.lang.Object, java.lang.Object, int)'> (0x000000008a41f940) 
thrown [s\src\hotspot\share\interpreter\linkResolver.cpp, line 771]
Event: 0.466 Thread 0x000002033cff6aa0 Exception <a 'java/lang/NoSuchMethodError'{0x000000008a425cf0}: 'java.lang.Object java.lang.invoke.DirectMethodHandle$Holder.newInvokeSpecial(java.lang.Object, java.lang.Object, int)'> (0x000000008a425cf0) 
thrown [s\src\hotspot\share\interpreter\linkResolver.cpp, line 771]
Event: 0.470 Thread 0x000002033cff6aa0 Exception <a 'java/lang/NoSuchMethodError'{0x000000008a4354a0}: 'int java.lang.invoke.DirectMethodHandle$Holder.invokeStaticInit(java.lang.Object, java.lang.Object, java.lang.Object)'> (0x000000008a4354a0) 
thrown [s\src\hotspot\share\interpreter\linkResolver.cpp, line 771]
Event: 0.471 Thread 0x000002033cff6aa0 Exception <a 'java/lang/NoSuchMethodError'{0x000000008a445680}: 'int java.lang.invoke.DirectMethodHandle$Holder.invokeSpecial(java.lang.Object, java.lang.Object, java.lang.Object)'> (0x000000008a445680) 
thrown [s\src\hotspot\share\interpreter\linkResolver.cpp, line 771]
Event: 0.472 Thread 0x000002033cff6aa0 Exception <a 'java/lang/NoSuchMethodError'{0x000000008a44da60}: 'int java.lang.invoke.DirectMethodHandle$Holder.invokeSpecialIFC(java.lang.Object, java.lang.Object, java.lang.Object)'> (0x000000008a44da60) 
thrown [s\src\hotspot\share\interpreter\linkResolver.cpp, line 771]
Event: 0.500 Thread 0x000002033cff6aa0 Exception <a 'java/lang/NoSuchMethodError'{0x000000008a4da218}: 'java.lang.Object java.lang.invoke.DirectMethodHandle$Holder.invokeStaticInit(java.lang.Object)'> (0x000000008a4da218) 
thrown [s\src\hotspot\share\interpreter\linkResolver.cpp, line 771]
Event: 0.558 Thread 0x000002033cff6aa0 Exception <a 'java/lang/NoSuchMethodError'{0x000000008a29b340}: 'java.lang.Object java.lang.invoke.DirectMethodHandle$Holder.newInvokeSpecial(java.lang.Object, java.lang.Object, java.lang.Object, java.lang.Object, java.lang.Object)'> (0x000000008a29b340) 
thrown [s\src\hotspot\share\interpreter\linkResolver.cpp, line 771]
Event: 0.583 Thread 0x000002033cff6aa0 Exception <a 'java/lang/NoSuchMethodError'{0x000000008a029958}: 'java.lang.Object java.lang.invoke.DirectMethodHandle$Holder.invokeSpecial(java.lang.Object, java.lang.Object, java.lang.Object, java.lang.Object, int)'> (0x000000008a029958) 
thrown [s\src\hotspot\share\interpreter\linkResolver.cpp, line 771]
Event: 0.584 Thread 0x000002033cff6aa0 Exception <a 'java/lang/NoSuchMethodError'{0x000000008a02d520}: 'java.lang.Object java.lang.invoke.Invokers$Holder.linkToTargetMethod(java.lang.Object, java.lang.Object, int, java.lang.Object)'> (0x000000008a02d520) 
thrown [s\src\hotspot\share\interpreter\linkResolver.cpp, line 771]
Event: 0.591 Thread 0x000002033cff6aa0 Exception <a 'java/lang/NoSuchMethodError'{0x000000008a08db28}: 'void java.lang.invoke.DirectMethodHandle$Holder.invokeSpecial(java.lang.Object, java.lang.Object, java.lang.Object)'> (0x000000008a08db28) 
thrown [s\src\hotspot\share\interpreter\linkResolver.cpp, line 771]
Event: 0.601 Thread 0x00000203578bf050 Exception <a 'java/lang/NoSuchMethodError'{0x000000008a222570}: 'void java.lang.invoke.DirectMethodHandle$Holder.invokeStatic(java.lang.Object, java.lang.Object, int)'> (0x000000008a222570) 
thrown [s\src\hotspot\share\interpreter\linkResolver.cpp, line 771]
Event: 0.601 Thread 0x000002033cff6aa0 Exception <a 'java/lang/NoSuchMethodError'{0x0000000089f14310}: 'void java.lang.invoke.DirectMethodHandle$Holder.invokeSpecial(java.lang.Object, java.lang.Object, java.lang.Object, java.lang.Object, java.lang.Object)'> (0x0000000089f14310) 
thrown [s\src\hotspot\share\interpreter\linkResolver.cpp, line 771]
Event: 0.607 Thread 0x0000020357925180 Exception <a 'java/lang/NoSuchMethodError'{0x0000000089f9a928}: 'void java.lang.invoke.DirectMethodHandle$Holder.invokeInterface(java.lang.Object, java.lang.Object, java.lang.Object)'> (0x0000000089f9a928) 
thrown [s\src\hotspot\share\interpreter\linkResolver.cpp, line 771]
Event: 0.609 Thread 0x0000020357925180 Exception <a 'java/lang/NoSuchMethodError'{0x0000000089fb0e10}: 'int java.lang.invoke.DirectMethodHandle$Holder.invokeStaticInit(java.lang.Object, int, int)'> (0x0000000089fb0e10) 
thrown [s\src\hotspot\share\interpreter\linkResolver.cpp, line 771]
Event: 0.615 Thread 0x0000020357925180 Exception <a 'java/lang/NoSuchMethodError'{0x0000000089ff3b78}: 'void java.lang.invoke.DirectMethodHandle$Holder.invokeVirtual(java.lang.Object, java.lang.Object)'> (0x0000000089ff3b78) 
thrown [s\src\hotspot\share\interpreter\linkResolver.cpp, line 771]
Event: 1.014 Thread 0x0000020357925180 Exception <a 'java/lang/NoSuchMethodError'{0x0000000089d42530}: 'void java.lang.invoke.DirectMethodHandle$Holder.invokeInterface(java.lang.Object, java.lang.Object)'> (0x0000000089d42530) 
thrown [s\src\hotspot\share\interpreter\linkResolver.cpp, line 771]
Event: 1.049 Thread 0x0000020357925180 Exception <a 'java/lang/NoSuchMethodError'{0x0000000089dc3f98}: 'void java.lang.invoke.DirectMethodHandle$Holder.invokeStatic(java.lang.Object, java.lang.Object, java.lang.Object, java.lang.Object)'> (0x0000000089dc3f98) 
thrown [s\src\hotspot\share\interpreter\linkResolver.cpp, line 771]
Event: 1.558 Thread 0x0000020357925180 Exception <a 'java/lang/NoSuchMethodError'{0x0000000089b939e8}: 'void java.lang.invoke.DirectMethodHandle$Holder.invokeSpecial(java.lang.Object, java.lang.Object, java.lang.Object, java.lang.Object, java.lang.Object, java.lang.Object, java.lang.Object)'> (0x0000000089b939e8) 
thrown [s\src\hotspot\share\interpreter\linkResolver.cpp, line 771]

VM Operations (12 events):
Event: 0.226 Executing VM operation: HandshakeAllThreads
Event: 0.226 Executing VM operation: HandshakeAllThreads done
Event: 0.242 Executing VM operation: HandshakeAllThreads
Event: 0.242 Executing VM operation: HandshakeAllThreads done
Event: 0.399 Executing VM operation: HandshakeAllThreads
Event: 0.399 Executing VM operation: HandshakeAllThreads done
Event: 0.504 Executing VM operation: HandshakeAllThreads
Event: 0.504 Executing VM operation: HandshakeAllThreads done
Event: 1.504 Executing VM operation: Cleanup
Event: 1.504 Executing VM operation: Cleanup done
Event: 1.560 Executing VM operation: HandshakeAllThreads
Event: 1.560 Executing VM operation: HandshakeAllThreads done

Events (20 events):
Event: 1.551 loading class java/util/stream/ReferencePipeline$5
Event: 1.552 loading class java/util/stream/LongPipeline$StatelessOp
Event: 1.552 loading class java/util/stream/LongPipeline
Event: 1.552 loading class java/util/stream/LongStream
Event: 1.552 loading class java/util/stream/LongStream done
Event: 1.552 loading class java/util/stream/LongPipeline done
Event: 1.552 loading class java/util/stream/LongPipeline$StatelessOp done
Event: 1.552 loading class java/util/stream/ReferencePipeline$5 done
Event: 1.552 loading class java/util/stream/FindOps$FindSink$OfLong
Event: 1.552 loading class java/util/stream/Sink$OfLong
Event: 1.552 loading class java/util/function/LongConsumer
Event: 1.553 loading class java/util/function/LongConsumer done
Event: 1.553 loading class java/util/stream/Sink$OfLong done
Event: 1.553 loading class java/util/stream/FindOps$FindSink$OfLong done
Event: 1.553 loading class java/util/OptionalLong
Event: 1.553 loading class java/util/OptionalLong done
Event: 1.554 loading class java/util/stream/ReferencePipeline$5$1
Event: 1.554 loading class java/util/stream/ReferencePipeline$5$1 done
Event: 1.560 loading class java/nio/HeapByteBufferR
Event: 1.560 loading class java/nio/HeapByteBufferR done


Dynamic libraries:
0x00007ff682a10000 - 0x00007ff682a1a000 	C:\Program Files\JetBrains\IntelliJ IDEA Community Edition 2023.2.3\jbr\bin\java.exe
0x00007ffd14430000 - 0x00007ffd14647000 	C:\WINDOWS\SYSTEM32\ntdll.dll
0x00007ffd13380000 - 0x00007ffd13444000 	C:\WINDOWS\System32\KERNEL32.DLL
0x00007ffd11b00000 - 0x00007ffd11ea5000 	C:\WINDOWS\System32\KERNELBASE.dll
0x00007ffd119e0000 - 0x00007ffd11af1000 	C:\WINDOWS\System32\ucrtbase.dll
0x00007ffce0640000 - 0x00007ffce0657000 	C:\Program Files\JetBrains\IntelliJ IDEA Community Edition 2023.2.3\jbr\bin\jli.dll
0x00007ffcc1260000 - 0x00007ffcc127b000 	C:\Program Files\JetBrains\IntelliJ IDEA Community Edition 2023.2.3\jbr\bin\VCRUNTIME140.dll
0x00007ffd13f20000 - 0x00007ffd140ce000 	C:\WINDOWS\System32\USER32.dll
0x00007ffcfc600000 - 0x00007ffcfc893000 	C:\WINDOWS\WinSxS\amd64_microsoft.windows.common-controls_6595b64144ccf1df_6.0.22621.2506_none_270c5ae97388e100\COMCTL32.dll
0x00007ffd119b0000 - 0x00007ffd119d6000 	C:\WINDOWS\System32\win32u.dll
0x00007ffd13e70000 - 0x00007ffd13f17000 	C:\WINDOWS\System32\msvcrt.dll
0x00007ffd136a0000 - 0x00007ffd136c9000 	C:\WINDOWS\System32\GDI32.dll
0x00007ffd11f70000 - 0x00007ffd12089000 	C:\WINDOWS\System32\gdi32full.dll
0x00007ffd117a0000 - 0x00007ffd1183a000 	C:\WINDOWS\System32\msvcp_win.dll
0x00007ffd136d0000 - 0x00007ffd13701000 	C:\WINDOWS\System32\IMM32.DLL
0x00007ffcfac80000 - 0x00007ffcfac8c000 	C:\Program Files\JetBrains\IntelliJ IDEA Community Edition 2023.2.3\jbr\bin\vcruntime140_1.dll
0x00007ffcbac20000 - 0x00007ffcbacad000 	C:\Program Files\JetBrains\IntelliJ IDEA Community Edition 2023.2.3\jbr\bin\msvcp140.dll
0x00007ffc39e40000 - 0x00007ffc3aac3000 	C:\Program Files\JetBrains\IntelliJ IDEA Community Edition 2023.2.3\jbr\bin\server\jvm.dll
0x00007ffd14330000 - 0x00007ffd143e1000 	C:\WINDOWS\System32\ADVAPI32.dll
0x00007ffd135f0000 - 0x00007ffd13696000 	C:\WINDOWS\System32\sechost.dll
0x00007ffd12ff0000 - 0x00007ffd13107000 	C:\WINDOWS\System32\RPCRT4.dll
0x00007ffcfba50000 - 0x00007ffcfba59000 	C:\WINDOWS\SYSTEM32\WSOCK32.dll
0x00007ffcff430000 - 0x00007ffcff464000 	C:\WINDOWS\SYSTEM32\WINMM.dll
0x00007ffd105f0000 - 0x00007ffd1063d000 	C:\WINDOWS\SYSTEM32\POWRPROF.dll
0x00007ffd0b220000 - 0x00007ffd0b22a000 	C:\WINDOWS\SYSTEM32\VERSION.dll
0x00007ffd142b0000 - 0x00007ffd14321000 	C:\WINDOWS\System32\WS2_32.dll
0x00007ffd105d0000 - 0x00007ffd105e3000 	C:\WINDOWS\SYSTEM32\UMPDC.dll
0x00007ffd10830000 - 0x00007ffd10848000 	C:\WINDOWS\SYSTEM32\kernel.appcore.dll
0x00007ffd0e960000 - 0x00007ffd0e96a000 	C:\Program Files\JetBrains\IntelliJ IDEA Community Edition 2023.2.3\jbr\bin\jimage.dll
0x00007ffcfa9b0000 - 0x00007ffcfabe3000 	C:\WINDOWS\SYSTEM32\DBGHELP.DLL
0x00007ffd12220000 - 0x00007ffd125a9000 	C:\WINDOWS\System32\combase.dll
0x00007ffd140d0000 - 0x00007ffd141a7000 	C:\WINDOWS\System32\OLEAUT32.dll
0x00007ffce27b0000 - 0x00007ffce27e2000 	C:\WINDOWS\SYSTEM32\dbgcore.DLL
0x00007ffd12090000 - 0x00007ffd1210a000 	C:\WINDOWS\System32\bcryptPrimitives.dll
0x00007ffcfac90000 - 0x00007ffcfacb5000 	C:\Program Files\JetBrains\IntelliJ IDEA Community Edition 2023.2.3\jbr\bin\java.dll
0x00007ffd00f80000 - 0x00007ffd00f98000 	C:\Program Files\JetBrains\IntelliJ IDEA Community Edition 2023.2.3\jbr\bin\zip.dll
0x00007ffd12770000 - 0x00007ffd12fc9000 	C:\WINDOWS\System32\SHELL32.dll
0x00007ffd0f6d0000 - 0x00007ffd0ffc4000 	C:\WINDOWS\SYSTEM32\windows.storage.dll
0x00007ffd0f590000 - 0x00007ffd0f6ce000 	C:\WINDOWS\SYSTEM32\wintypes.dll
0x00007ffd13810000 - 0x00007ffd13903000 	C:\WINDOWS\System32\SHCORE.dll
0x00007ffd125c0000 - 0x00007ffd1261e000 	C:\WINDOWS\System32\shlwapi.dll
0x00007ffd116d0000 - 0x00007ffd116f6000 	C:\WINDOWS\SYSTEM32\profapi.dll
0x00007ffcf5e30000 - 0x00007ffcf5e49000 	C:\Program Files\JetBrains\IntelliJ IDEA Community Edition 2023.2.3\jbr\bin\net.dll
0x00007ffd0b310000 - 0x00007ffd0b447000 	C:\WINDOWS\SYSTEM32\WINHTTP.dll
0x00007ffd10d10000 - 0x00007ffd10d79000 	C:\WINDOWS\system32\mswsock.dll
0x00007ffcf5e10000 - 0x00007ffcf5e26000 	C:\Program Files\JetBrains\IntelliJ IDEA Community Edition 2023.2.3\jbr\bin\nio.dll
0x00007ffcf8760000 - 0x00007ffcf876e000 	C:\Program Files\JetBrains\IntelliJ IDEA Community Edition 2023.2.3\jbr\bin\sunmscapi.dll
0x00007ffd11840000 - 0x00007ffd119a6000 	C:\WINDOWS\System32\CRYPT32.dll
0x00007ffd11100000 - 0x00007ffd1112d000 	C:\WINDOWS\SYSTEM32\ncrypt.dll
0x00007ffd110c0000 - 0x00007ffd110f7000 	C:\WINDOWS\SYSTEM32\NTASN1.dll
0x00007ffd10f60000 - 0x00007ffd10f7b000 	C:\WINDOWS\SYSTEM32\CRYPTSP.dll
0x00007ffd107f0000 - 0x00007ffd10825000 	C:\WINDOWS\system32\rsaenh.dll
0x00007ffd10e00000 - 0x00007ffd10e2c000 	C:\WINDOWS\SYSTEM32\USERENV.dll
0x00007ffd11130000 - 0x00007ffd11158000 	C:\WINDOWS\SYSTEM32\bcrypt.dll
0x00007ffd10f80000 - 0x00007ffd10f8c000 	C:\WINDOWS\SYSTEM32\CRYPTBASE.dll
0x00007ffd102e0000 - 0x00007ffd1030d000 	C:\WINDOWS\SYSTEM32\IPHLPAPI.DLL
0x00007ffd13110000 - 0x00007ffd13119000 	C:\WINDOWS\System32\NSI.dll
0x00007ffd0b5b0000 - 0x00007ffd0b5c9000 	C:\WINDOWS\SYSTEM32\dhcpcsvc6.DLL
0x00007ffd0b1c0000 - 0x00007ffd0b1df000 	C:\WINDOWS\SYSTEM32\dhcpcsvc.DLL
0x00007ffd10310000 - 0x00007ffd10409000 	C:\WINDOWS\SYSTEM32\DNSAPI.dll
0x00007ffcf5e00000 - 0x00007ffcf5e08000 	C:\WINDOWS\system32\wshunix.dll

dbghelp: loaded successfully - version: 4.0.5 - missing functions: none
symbol engine: initialized successfully - sym options: 0x614 - pdb path: .;C:\Program Files\JetBrains\IntelliJ IDEA Community Edition 2023.2.3\jbr\bin;C:\WINDOWS\SYSTEM32;C:\WINDOWS\WinSxS\amd64_microsoft.windows.common-controls_6595b64144ccf1df_6.0.22621.2506_none_270c5ae97388e100;C:\Program Files\JetBrains\IntelliJ IDEA Community Edition 2023.2.3\jbr\bin\server

VM Arguments:
java_command: git4idea.http.GitAskPassApp Username for 'https://github.com': 
java_class_path (initial): C:/Program Files/JetBrains/IntelliJ IDEA Community Edition 2023.2.3/plugins/vcs-git/lib/git4idea-rt.jar;C:/Program Files/JetBrains/IntelliJ IDEA Community Edition 2023.2.3/lib/externalProcess-rt.jar
Launcher Type: SUN_STANDARD

[Global flags]
     intx CICompilerCount                          = 4                                         {product} {ergonomic}
     uint ConcGCThreads                            = 2                                         {product} {ergonomic}
     uint G1ConcRefinementThreads                  = 8                                         {product} {ergonomic}
   size_t G1HeapRegionSize                         = 1048576                                   {product} {ergonomic}
    uintx GCDrainStackTargetSize                   = 64                                        {product} {ergonomic}
   size_t InitialHeapSize                          = 132120576                                 {product} {ergonomic}
   size_t MarkStackSize                            = 4194304                                   {product} {ergonomic}
   size_t MaxHeapSize                              = 2101346304                                {product} {ergonomic}
   size_t MaxNewSize                               = 1260388352                                {product} {ergonomic}
   size_t MinHeapDeltaBytes                        = 1048576                                   {product} {ergonomic}
   size_t MinHeapSize                              = 8388608                                   {product} {ergonomic}
    uintx NonNMethodCodeHeapSize                   = 5839372                                {pd product} {ergonomic}
    uintx NonProfiledCodeHeapSize                  = 122909434                              {pd product} {ergonomic}
    uintx ProfiledCodeHeapSize                     = 122909434                              {pd product} {ergonomic}
    uintx ReservedCodeCacheSize                    = 251658240                              {pd product} {ergonomic}
     bool SegmentedCodeCache                       = true                                      {product} {ergonomic}
   size_t SoftMaxHeapSize                          = 2101346304                             {manageable} {ergonomic}
     bool UseCompressedClassPointers               = true                           {product lp64_product} {ergonomic}
     bool UseCompressedOops                        = true                           {product lp64_product} {ergonomic}
     bool UseG1GC                                  = true                                      {product} {ergonomic}
     bool UseLargePagesIndividualAllocation        = false                                  {pd product} {ergonomic}

Logging:
Log output configuration:
 #0: stdout all=warning uptime,level,tags
 #1: stderr all=off uptime,level,tags

Environment Variables:
PATH=C:\Program Files\Git\mingw64\libexec\git-core;C:\Program Files\Git\mingw64\libexec\git-core;C:\Program Files\Git\mingw64\bin;C:\Program Files\Git\usr\bin;C:\Users\OUSSAMA\bin;C:\Program Files\Common Files\Oracle\Java\javapath;C:\db_home\bin;C:\Windows\system32;C:\Windows;C:\Windows\System32\Wbem;C:\Windows\System32\WindowsPowerShell\v1.0;C:\Windows\System32\OpenSSH;C:\Program Files (x86)\NVIDIA Corporation\PhysX\Common;C:\Program Files\NVIDIA Corporation\NVIDIA NvDLISR;C:\WINDOWS\system32;C:\WINDOWS;C:\WINDOWS\System32\Wbem;C:\WINDOWS\System32\WindowsPowerShell\v1.0;C:\WINDOWS\System32\OpenSSH;C:\Program Files\Java\jdk-21\bin;C:\Program Files\Git\cmd;D:\wamp64\bin\php\php7.4.33;C:\Users\OUSSAMA\AppData\Local\Microsoft\WindowsApps;C:\Users\OUSSAMA\AppData\Local\Programs\Microsoft VS Code\bin;C:\Program Files\JetBrains\IntelliJ IDEA Community Edition 2023.2.3\bin
USERNAME=OUSSAMA
DISPLAY=:0.0
LC_ALL=en_US.UTF-8
TERM=xterm-256color
TMPDIR=C:\Users\OUSSAMA\AppData\Local\Temp
OS=Windows_NT
PROCESSOR_IDENTIFIER=Intel64 Family 6 Model 165 Stepping 2, GenuineIntel
TMP=C:\Users\OUSSAMA\AppData\Local\Temp
TEMP=C:\Users\OUSSAMA\AppData\Local\Temp


JNI global refs:
JNI global refs: 19, weak refs: 0

JNI global refs memory usage: 843, weak refs: 841

OOME stack traces (most recent first):
Classloader memory used:
Loader bootstrap                                                                       : 1870K
Loader jdk.internal.loader.ClassLoaders$PlatformClassLoader                            : 232K
Loader jdk.internal.loader.ClassLoaders$AppClassLoader                                 : 2337B
Loader jdk.internal.reflect.DelegatingClassLoader                                      : 864B


---------------  S Y S T E M  ---------------

OS:
 Windows 11 , 64 bit Build 22621 (10.0.22621.2506)
OS uptime: 2 days 8:39 hours

CPU: total 8 (initial active 8) (4 cores per cpu, 2 threads per core) family 6 model 165 stepping 2 microcode 0xe2, cx8, cmov, fxsr, ht, mmx, 3dnowpref, sse, sse2, sse3, ssse3, sse4.1, sse4.2, popcnt, lzcnt, tsc, tscinvbit, avx, avx2, aes, erms, clmul, bmi1, bmi2, adx, fma, vzeroupper, clflush, clflushopt
Processor Information for all 8 processors :
  Max Mhz: 2496, Current Mhz: 2496, Mhz Limit: 2496

Memory: 4k page, system-wide physical 8013M (405M free)
TotalPageFile size 20301M (AvailPageFile size 1M)
current process WorkingSet (physical memory assigned to process): 71M, peak: 71M
current process commit charge ("private bytes"): 220M, peak: 222M

vm_info: OpenJDK 64-Bit Server VM (17.0.8.1+7-b1000.32) for windows-amd64 JRE (17.0.8.1+7-b1000.32), built on 2023-09-15 by "builduser" with MS VC++ 16.10 / 16.11 (VS2019)

END.
